c:\users\김동진\documents\github\hello-world\practice on my own\debug\vc142.pdb
c:\users\김동진\documents\github\hello-world\practice on my own\debug\vc142.idb
c:\users\김동진\documents\github\hello-world\practice on my own\debug\while.obj
c:\users\김동진\documents\github\hello-world\practice on my own\debug\for.obj
c:\users\김동진\documents\github\hello-world\practice on my own\debug\string.h.obj
c:\users\김동진\documents\github\hello-world\practice on my own\debug\a x b.obj
c:\users\김동진\documents\github\hello-world\practice on my own\debug\a divide b.obj
c:\users\김동진\documents\github\hello-world\practice on my own\debug\4 arithmetic operations.obj
c:\users\김동진\documents\github\hello-world\practice on my own\debug\while(1).obj
c:\users\김동진\documents\github\hello-world\practice on my own\debug\putchar.obj
c:\users\김동진\documents\github\hello-world\practice on my own\debug\remainder.obj
c:\users\김동진\documents\github\hello-world\practice on my own\debug\multiple.obj
c:\users\김동진\documents\github\hello-world\practice on my own\debug\if - test score.obj
c:\users\김동진\documents\github\hello-world\practice on my own\debug\practice on my own.exe
c:\users\김동진\documents\github\hello-world\practice on my own\debug\practice on my own.ilk
c:\users\김동진\documents\github\hello-world\practice on my own\debug\practice on my own.pdb
c:\users\김동진\documents\github\hello-world\practice on my own\debug\compare 2 numbers.obj
c:\users\김동진\documents\github\hello-world\practice on my own\debug\if.obj
c:\users\김동진\documents\github\hello-world\practice on my own\debug\practice.obj
c:\users\김동진\documents\github\hello-world\practice on my own\debug\practice.99f52088.tlog\cl.command.1.tlog
c:\users\김동진\documents\github\hello-world\practice on my own\debug\practice.99f52088.tlog\cl.read.1.tlog
c:\users\김동진\documents\github\hello-world\practice on my own\debug\practice.99f52088.tlog\cl.write.1.tlog
c:\users\김동진\documents\github\hello-world\practice on my own\debug\practice.99f52088.tlog\link-cvtres.read.1.tlog
c:\users\김동진\documents\github\hello-world\practice on my own\debug\practice.99f52088.tlog\link-cvtres.write.1.tlog
c:\users\김동진\documents\github\hello-world\practice on my own\debug\practice.99f52088.tlog\link-rc.read.1.tlog
c:\users\김동진\documents\github\hello-world\practice on my own\debug\practice.99f52088.tlog\link-rc.write.1.tlog
c:\users\김동진\documents\github\hello-world\practice on my own\debug\practice.99f52088.tlog\link.28548-cvtres.read.1.tlog
c:\users\김동진\documents\github\hello-world\practice on my own\debug\practice.99f52088.tlog\link.28548-cvtres.write.1.tlog
c:\users\김동진\documents\github\hello-world\practice on my own\debug\practice.99f52088.tlog\link.28548-rc.read.1.tlog
c:\users\김동진\documents\github\hello-world\practice on my own\debug\practice.99f52088.tlog\link.28548-rc.write.1.tlog
c:\users\김동진\documents\github\hello-world\practice on my own\debug\practice.99f52088.tlog\link.28548.read.1.tlog
c:\users\김동진\documents\github\hello-world\practice on my own\debug\practice.99f52088.tlog\link.28548.write.1.tlog
c:\users\김동진\documents\github\hello-world\practice on my own\debug\practice.99f52088.tlog\link.command.1.tlog
c:\users\김동진\documents\github\hello-world\practice on my own\debug\practice.99f52088.tlog\link.read.1.tlog
c:\users\김동진\documents\github\hello-world\practice on my own\debug\practice.99f52088.tlog\link.write.1.tlog
